<?xml version="1.0" encoding="UTF-8"?>
<!-- Generated by org.testng.reporters.JUnitReportReporter -->
<testsuite hostname="LAPTOP-QA82II2O" failures="0" tests="1" name="moviesearch.testcases.WikiTest" time="19.058" errors="0" timestamp="2023-02-15T12:24:44 IST" skipped="0">
  <testcase classname="moviesearch.testcases.WikiTest" name="getMovieInfoFromWikiTest" time="19.058"/>
  <system-out/>
</testsuite> <!-- moviesearch.testcases.WikiTest -->
