<?xml version="1.0" encoding="UTF-8"?>
<!-- Generated by org.testng.reporters.JUnitReportReporter -->
<testsuite hostname="LAPTOP-QA82II2O" failures="0" tests="1" name="moviesearch.testcases.ImdbTest" time="26.111" errors="0" timestamp="2023-02-15T12:51:00 IST" skipped="0">
  <testcase classname="moviesearch.testcases.ImdbTest" name="getMovieInfoFromImdbTest" time="26.111"/>
  <system-out/>
</testsuite> <!-- moviesearch.testcases.ImdbTest -->
